(c) Copyright IBM Corporation 1993,2007
Command Line Processor for DB2 Client 11.5.9.0

You can issue database manager commands and SQL statements from the command 
prompt. For example:
    db2 => connect to sample
    db2 => bind sample.bnd

For general help, type: ?.
For command help, type: ? command, where command can be
the first few keywords of a database manager command. For example:
 ? CATALOG DATABASE for help on the CATALOG DATABASE command
 ? CATALOG          for help on all of the CATALOG commands.

To exit db2 interactive mode, type QUIT at the command prompt. Outside 
interactive mode, all commands must be prefixed with 'db2'.
To list the current command option settings, type LIST COMMAND OPTIONS.

For more detailed help, refer to the Online Reference Manual.

db2 => db2 => db2 => db2 => db2 => CONNECT TO COMP421

   Database Connection Information

 Database server        = DB2/LINUXX8664 11.5.9.0
 SQL authorization ID   = CS421G11...
 Local database alias   = COMP421


db2 => db2 => db2 => db2 => db2 => db2 => db2 => db2 (cont.) => db2 (cont.) => db2 (cont.) => db2 (cont.) => db2 (cont.) => db2 (cont.) => db2 (cont.) => db2 (cont.) => db2 (cont.) => db2 (cont.) => db2 (cont.) => db2 (cont.) => db2 (cont.) => db2 (cont.) => db2 (cont.) => CREATE TABLE Users ( userid INTEGER NOT NULL, username VARCHAR(30) UNIQUE NOT NULL, name VARCHAR(200), email VARCHAR(256) UNIQUE NOT NULL, pwdhash VARCHAR(256) UNIQUE NOT NULL, status VARCHAR(3) DEFAULT 'INA',		--INA: inactive, ACT: active
 location VARCHAR(30), joindate DATE NOT NULL, birthday DATE, bio VARCHAR(200), pfp BLOB(10M), PRIMARY KEY(userid) )
DB20000I  The SQL command completed successfully.

db2 => db2 => db2 (cont.) => db2 (cont.) => db2 (cont.) => db2 (cont.) => db2 (cont.) => db2 (cont.) => db2 (cont.) => CREATE TABLE Staffs ( userid INTEGER NOT NULL, eid INTEGER NOT NULL, role VARCHAR(30), PRIMARY KEY(userid), FOREIGN KEY(userid) REFERENCES Users(userid) )
DB20000I  The SQL command completed successfully.

db2 => db2 => db2 (cont.) => db2 (cont.) => db2 (cont.) => db2 (cont.) => db2 (cont.) => db2 (cont.) => CREATE TABLE Businesses ( userid INTEGER NOT NULL, btype VARCHAR(30), PRIMARY KEY(userid), FOREIGN KEY(userid) REFERENCES Users(userid) )
DB20000I  The SQL command completed successfully.

db2 => db2 => db2 (cont.) => db2 (cont.) => db2 (cont.) => db2 (cont.) => db2 (cont.) => db2 (cont.) => CREATE TABLE Verifieds ( userid INTEGER NOT NULL, docnum VARCHAR(256) UNIQUE NOT NULL, PRIMARY KEY(userid), FOREIGN KEY(userid) REFERENCES Users(userid) )
DB20000I  The SQL command completed successfully.

db2 => db2 => db2 (cont.) => db2 (cont.) => db2 (cont.) => db2 (cont.) => db2 (cont.) => db2 (cont.) => db2 (cont.) => db2 (cont.) => db2 (cont.) => db2 (cont.) => CREATE TABLE Posts ( postid INTEGER NOT NULL, caption VARCHAR(2000), privacy VARCHAR(3) NOT NULL, time TIMESTAMP NOT NULL, fname VARCHAR(2000) NOT NULL, location VARCHAR(200), tags VARCHAR(500), PRIMARY KEY(postid) )
DB20000I  The SQL command completed successfully.

db2 => db2 => db2 (cont.) => db2 (cont.) => db2 (cont.) => db2 (cont.) => db2 (cont.) => db2 (cont.) => CREATE TABLE Groups ( gname VARCHAR(200) NOT NULL, description VARCHAR(2000) DEFAULT 'Description', creationdate TIMESTAMP NOT NULL, PRIMARY KEY(gname) )
DB20000I  The SQL command completed successfully.

db2 => db2 => db2 (cont.) => db2 (cont.) => db2 (cont.) => db2 (cont.) => db2 (cont.) => db2 (cont.) => db2 (cont.) => db2 (cont.) => CREATE TABLE Events ( eventid INTEGER NOT NULL, name VARCHAR(200) DEFAULT 'Name', edate TIMESTAMP, description VARCHAR(2000) DEFAULT 'Description', location VARCHAR(200) DEFAULT 'Location', PRIMARY KEY(eventid) )
DB20000I  The SQL command completed successfully.

db2 => db2 => db2 (cont.) => db2 (cont.) => db2 (cont.) => db2 (cont.) => db2 (cont.) => db2 (cont.) => db2 (cont.) => db2 (cont.) => db2 (cont.) => db2 (cont.) => CREATE TABLE Comments ( commentid INTEGER NOT NULL, userid INTEGER NOT NULL, postid INTEGER NOT NULL, time TIMESTAMP NOT NULL, contents VARCHAR(2000) NOT NULL, PRIMARY KEY(commentid, userid, postid), FOREIGN KEY(userid) REFERENCES Users(userid), FOREIGN KEY(postid) REFERENCES Posts(postid) )
DB20000I  The SQL command completed successfully.

db2 => db2 => db2 (cont.) => db2 (cont.) => db2 (cont.) => db2 (cont.) => db2 (cont.) => db2 (cont.) => db2 (cont.) => db2 (cont.) => db2 (cont.) => db2 (cont.) => db2 (cont.) => CREATE TABLE PrivateMessages ( messageid INTEGER NOT NULL, sender INTEGER NOT NULL, receiver INTEGER NOT NULL, content VARCHAR(2000) NOT NULL, time TIMESTAMP NOT NULL, status VARCHAR(3) DEFAULT 'SNT',		--SNT for sent, RD for read, DEL for deleted
 PRIMARY KEY(messageid, sender, receiver), FOREIGN KEY(sender) REFERENCES Users(userid), FOREIGN KEY(receiver) REFERENCES Users(userid) )
DB20000I  The SQL command completed successfully.

db2 => db2 => db2 (cont.) => db2 (cont.) => db2 (cont.) => db2 (cont.) => db2 (cont.) => db2 (cont.) => db2 (cont.) => CREATE TABLE Follows ( follower INTEGER NOT NULL, following INTEGER NOT NULL, PRIMARY KEY(follower, following), FOREIGN KEY(follower) REFERENCES Users(userid), FOREIGN KEY(following) REFERENCES Users(userid) )
DB20000I  The SQL command completed successfully.

db2 => db2 => db2 (cont.) => db2 (cont.) => db2 (cont.) => db2 (cont.) => db2 (cont.) => db2 (cont.) => db2 (cont.) => CREATE TABLE Posted ( posterid INTEGER NOT NULL, postid INTEGER NOT NULL, PRIMARY KEY(posterid, postid), FOREIGN KEY(posterid) REFERENCES Users(userid), FOREIGN KEY(postid) REFERENCES Users(userid) )
DB20000I  The SQL command completed successfully.

db2 => db2 => db2 (cont.) => db2 (cont.) => db2 (cont.) => db2 (cont.) => db2 (cont.) => db2 (cont.) => db2 (cont.) => CREATE TABLE Saves ( userid INTEGER NOT NULL, postid INTEGER NOT NULL, PRIMARY KEY(userid, postid), FOREIGN KEY(userid) REFERENCES Users(userid), FOREIGN KEY(postid) REFERENCES Posts(postid) )
DB20000I  The SQL command completed successfully.

db2 => db2 => db2 (cont.) => db2 (cont.) => db2 (cont.) => db2 (cont.) => db2 (cont.) => db2 (cont.) => db2 (cont.) => CREATE TABLE Likes ( userid INTEGER NOT NULL, postid INTEGER NOT NULL, PRIMARY KEY(userid, postid), FOREIGN KEY(userid) REFERENCES Users(userid), FOREIGN KEY(postid) REFERENCES Posts(postid) )
DB20000I  The SQL command completed successfully.

db2 => db2 => db2 (cont.) => db2 (cont.) => db2 (cont.) => db2 (cont.) => db2 (cont.) => db2 (cont.) => db2 (cont.) => CREATE TABLE Dislikes ( userid INTEGER NOT NULL, postid INTEGER NOT NULL, PRIMARY KEY(userid, postid), FOREIGN KEY(userid) REFERENCES Users(userid), FOREIGN KEY(postid) REFERENCES Posts(postid) )
DB20000I  The SQL command completed successfully.

db2 => db2 => db2 (cont.) => db2 (cont.) => db2 (cont.) => db2 (cont.) => db2 (cont.) => db2 (cont.) => db2 (cont.) => CREATE TABLE Shares ( userid INTEGER NOT NULL, postid INTEGER NOT NULL, PRIMARY KEY(userid, postid), FOREIGN KEY(userid) REFERENCES Users(userid), FOREIGN KEY(postid) REFERENCES Posts(postid) )
DB20000I  The SQL command completed successfully.

db2 => db2 => db2 (cont.) => db2 (cont.) => db2 (cont.) => db2 (cont.) => db2 (cont.) => db2 (cont.) => db2 (cont.) => CREATE TABLE IsMember ( userid INTEGER NOT NULL, gname VARCHAR(200) NOT NULL, PRIMARY KEY(userid, gname), FOREIGN KEY(userid) REFERENCES Users(userid), FOREIGN KEY(gname) REFERENCES Groups(gname) )
DB20000I  The SQL command completed successfully.

db2 => db2 => db2 (cont.) => db2 (cont.) => db2 (cont.) => db2 (cont.) => db2 (cont.) => db2 (cont.) => db2 (cont.) => CREATE TABLE IsAdmin ( userid INTEGER NOT NULL, gname VARCHAR(200) NOT NULL, PRIMARY KEY(userid, gname), FOREIGN KEY(userid) REFERENCES Users(userid), FOREIGN KEY(gname) REFERENCES Groups(gname) )
DB20000I  The SQL command completed successfully.

db2 => db2 => db2 (cont.) => db2 (cont.) => db2 (cont.) => db2 (cont.) => db2 (cont.) => db2 (cont.) => db2 (cont.) => CREATE TABLE Announces ( gname VARCHAR(200) NOT NULL, eventid INTEGER NOT NULL, PRIMARY KEY(gname, eventid), FOREIGN KEY(gname) REFERENCES Groups(gname), FOREIGN KEY(eventid) REFERENCES Events(eventid) )
DB20000I  The SQL command completed successfully.

db2 => db2 => db2 (cont.) => db2 (cont.) => db2 (cont.) => db2 (cont.) => db2 (cont.) => db2 (cont.) => db2 (cont.) => CREATE TABLE Advertises ( userid INTEGER NOT NULL, eventid INTEGER NOT NULL, PRIMARY KEY(userid, eventid), FOREIGN KEY(userid) REFERENCES Businesses(userid), FOREIGN KEY(eventid) REFERENCES Events(eventid) )
DB20000I  The SQL command completed successfully.

db2 => db2 => db2 (cont.) => db2 (cont.) => db2 (cont.) => db2 (cont.) => db2 (cont.) => db2 (cont.) => db2 (cont.) => CREATE TABLE Organizes ( userid INTEGER NOT NULL, eventid INTEGER NOT NULL, PRIMARY KEY(userid, eventid), FOREIGN KEY(userid) REFERENCES Verifieds(userid), FOREIGN KEY(eventid) REFERENCES Events(eventid) )
DB20000I  The SQL command completed successfully.

db2 => db2 => db2 => db2 => db2 => db2 => db2 => 